<?xml version="1.0" encoding="UTF-8"?>
<testsuite name="runner.TestRunner" time="1.44" tests="5" errors="0" skipped="0" failures="0">
  <properties>
[...]
</properties>
  <testcase name="Given Launch Browser" classname="Scenario: Test Google Seaerch" time="0.003"/>
  <testcase name="Then Google is open" classname="Scenario: Test Google Seaerch" time="0"/>
  <testcase name="When Searching Selenium" classname="Scenario: Test Google Seaerch" time="0"/>
  <testcase name="Then Selenium is searched successfully" classname="Scenario: Test Google Seaerch" time="0.001"/>
  <testcase name="Scenario: Test Google Seaerch" classname="Scenario: Test Google Seaerch" time="1.436"/>
</testsuite>